<?xml version="1.0" encoding="UTF-8"?>
<!--
  ~ This program is part of the OpenLMIS logistics management information system platform software.
  ~ Copyright © 2013 VillageReach
  ~
  ~ This program is free software: you can redistribute it and/or modify it under the terms of the GNU Affero General Public License as published by the Free Software Foundation, either version 3 of the License, or (at your option) any later version.
  ~  
  ~ This program is distributed in the hope that it will be useful, but WITHOUT ANY WARRANTY; without even the implied warranty of MERCHANTABILITY or FITNESS FOR A PARTICULAR PURPOSE.  See the GNU Affero General Public License for more details.
  ~ You should have received a copy of the GNU Affero General Public License along with this program.  If not, see http://www.gnu.org/licenses.  For additional information contact info@OpenLMIS.org. 
  -->

<beans xmlns="http://www.springframework.org/schema/beans"
       xmlns:xsi="http://www.w3.org/2001/XMLSchema-instance"
       xmlns:tx="http://www.springframework.org/schema/tx"
       xmlns:context="http://www.springframework.org/schema/context"
       xsi:schemaLocation="http://www.springframework.org/schema/beans http://www.springframework.org/schema/beans/spring-beans-4.1.xsd
                           http://www.springframework.org/schema/context http://www.springframework.org/schema/context/spring-context-4.1.xsd
                           http://www.springframework.org/schema/tx http://www.springframework.org/schema/tx/spring-tx-4.1.xsd">

    <context:component-scan base-package="org.openlmis.stockmanagement.repository.mapper"/>

    <import resource="classpath*:test-applicationContext-core.xml"/>
    <tx:annotation-driven proxy-target-class="true"/>
</beans>