<?xml version="1.0" encoding="UTF-8"?>


<!--
  ~ Electronic Logistics Management Information System (eLMIS) is a supply chain management system for health commodities in a developing country setting.
  ~
  ~ Copyright (C) 2015  John Snow, Inc (JSI). This program was produced for the U.S. Agency for International Development (USAID). It was prepared under the USAID | DELIVER PROJECT, Task Order 4.
  ~
  ~ This program is free software: you can redistribute it and/or modify it under the terms of the GNU Affero General Public License as published by the Free Software Foundation, either version 3 of the License, or (at your option) any later version.
  ~
  ~ This program is distributed in the hope that it will be useful, but WITHOUT ANY WARRANTY; without even the implied warranty of MERCHANTABILITY or FITNESS FOR A PARTICULAR PURPOSE.  See the GNU Affero General Public License for more details.
  ~
  ~ You should have received a copy of the GNU Affero General Public License along with this program.  If not, see <http://www.gnu.org/licenses/>.
  -->

<beans xmlns="http://www.springframework.org/schema/beans"
       xmlns:context="http://www.springframework.org/schema/context" xmlns:tx="http://www.springframework.org/schema/tx"
       xsi:schemaLocation="http://www.springframework.org/schema/beans http://www.springframework.org/schema/beans/spring-beans-4.1.xsd
                           http://www.springframework.org/schema/context http://www.springframework.org/schema/context/spring-context-4.1.xsd
                           http://www.springframework.org/schema/context http://www.springframework.org/schema/integration http://www.springframework.org/schema/tx http://www.springframework.org/schema/tx/spring-tx-4.1.xsd"
       xmlns:xsi="http://www.w3.org/2001/XMLSchema-instance">

    <context:annotation-config/>
    <context:spring-configured/>

    <import resource="classpath*:test-applicationContext-db.xml"/>
    <import resource="classpath*:test-applicationContext-core.xml"/>

    <context:component-scan base-package="org.openlmis.help.Repository.mapper"/>

    <tx:annotation-driven proxy-target-class="true"/>

</beans>